This is pdfTeX, Version 3.141592653-2.6-1.40.22 (MiKTeX 21.2) (preloaded format=pdflatex 2021.6.5)  7 JUN 2021 05:49
entering extended mode
**./article_reviews.tex
(article_reviews.tex
LaTeX2e <2020-10-01> patch level 4
L3 programming layer <2021-02-18> xparse <2020-03-03>
(C:\Users\TKeane\AppData\Local\Programs\MiKTeX\tex/latex/base\article.cls
Document Class: article 2020/04/10 v1.4m Standard LaTeX document class
(C:\Users\TKeane\AppData\Local\Programs\MiKTeX\tex/latex/base\size12.clo
File: size12.clo 2020/04/10 v1.4m Standard LaTeX file (size option)
)
\c@part=\count179
\c@section=\count180
\c@subsection=\count181
\c@subsubsection=\count182
\c@paragraph=\count183
\c@subparagraph=\count184
\c@figure=\count185
\c@table=\count186
\abovecaptionskip=\skip47
\belowcaptionskip=\skip48
\bibindent=\dimen138
)
(C:\Users\TKeane\AppData\Local\Programs\MiKTeX\tex/latex/biblatex\biblatex.sty
Package: biblatex 2020/12/31 v3.16 programmable bibliographies (PK/MW)

(C:\Users\TKeane\AppData\Local\Programs\MiKTeX\tex/generic/pdftexcmds\pdftexcmd
s.sty
Package: pdftexcmds 2020-06-27 v0.33 Utility functions of pdfTeX for LuaTeX (HO
)

(C:\Users\TKeane\AppData\Local\Programs\MiKTeX\tex/generic/infwarerr\infwarerr.
sty
Package: infwarerr 2019/12/03 v1.5 Providing info/warning/error messages (HO)
) (C:\Users\TKeane\AppData\Local\Programs\MiKTeX\tex/generic/iftex\iftex.sty
Package: iftex 2020/03/06 v1.0d TeX engine tests
)
(C:\Users\TKeane\AppData\Local\Programs\MiKTeX\tex/generic/ltxcmds\ltxcmds.sty
Package: ltxcmds 2020-05-10 v1.25 LaTeX kernel commands for general use (HO)
)
Package pdftexcmds Info: \pdf@primitive is available.
Package pdftexcmds Info: \pdf@ifprimitive is available.
Package pdftexcmds Info: \pdfdraftmode found.
)
(C:\Users\TKeane\AppData\Local\Programs\MiKTeX\tex/latex/etoolbox\etoolbox.sty
Package: etoolbox 2020/10/05 v2.5k e-TeX tools for LaTeX (JAW)
\etb@tempcnta=\count187
) (C:\Users\TKeane\AppData\Local\Programs\MiKTeX\tex/latex/graphics\keyval.sty
Package: keyval 2014/10/28 v1.15 key=value parser (DPC)
\KV@toks@=\toks15
)
(C:\Users\TKeane\AppData\Local\Programs\MiKTeX\tex/latex/kvoptions\kvoptions.st
y
Package: kvoptions 2020-10-07 v3.14 Key value format for package options (HO)

(C:\Users\TKeane\AppData\Local\Programs\MiKTeX\tex/generic/kvsetkeys\kvsetkeys.
sty
Package: kvsetkeys 2019/12/15 v1.18 Key value parser (HO)
))
(C:\Users\TKeane\AppData\Local\Programs\MiKTeX\tex/latex/logreq\logreq.sty
Package: logreq 2010/08/04 v1.0 xml request logger
\lrq@indent=\count188

(C:\Users\TKeane\AppData\Local\Programs\MiKTeX\tex/latex/logreq\logreq.def
File: logreq.def 2010/08/04 v1.0 logreq spec v1.0
))
(C:\Users\TKeane\AppData\Local\Programs\MiKTeX\tex/latex/base\ifthen.sty
Package: ifthen 2014/09/29 v1.1c Standard LaTeX ifthen package (DPC)
)
(C:\Users\TKeane\AppData\Local\Programs\MiKTeX\tex/latex/url\url.sty
\Urlmuskip=\muskip16
Package: url 2013/09/16  ver 3.4  Verb mode for urls, etc.
)
\c@tabx@nest=\count189
\c@listtotal=\count190
\c@listcount=\count191
\c@liststart=\count192
\c@liststop=\count193
\c@citecount=\count194
\c@citetotal=\count195
\c@multicitecount=\count196
\c@multicitetotal=\count197
\c@instcount=\count198
\c@maxnames=\count199
\c@minnames=\count266
\c@maxitems=\count267
\c@minitems=\count268
\c@citecounter=\count269
\c@maxcitecounter=\count270
\c@savedcitecounter=\count271
\c@uniquelist=\count272
\c@uniquename=\count273
\c@refsection=\count274
\c@refsegment=\count275
\c@maxextratitle=\count276
\c@maxextratitleyear=\count277
\c@maxextraname=\count278
\c@maxextradate=\count279
\c@maxextraalpha=\count280
\c@abbrvpenalty=\count281
\c@highnamepenalty=\count282
\c@lownamepenalty=\count283
\c@maxparens=\count284
\c@parenlevel=\count285
\blx@tempcnta=\count286
\blx@tempcntb=\count287
\blx@tempcntc=\count288
\blx@maxsection=\count289
\blx@maxsegment@0=\count290
\blx@notetype=\count291
\blx@parenlevel@text=\count292
\blx@parenlevel@foot=\count293
\blx@sectionciteorder@0=\count294
\blx@entrysetcounter=\count295
\blx@biblioinstance=\count296
\labelnumberwidth=\skip49
\labelalphawidth=\skip50
\biblabelsep=\skip51
\bibitemsep=\skip52
\bibnamesep=\skip53
\bibinitsep=\skip54
\bibparsep=\skip55
\bibhang=\skip56
\blx@bcfin=\read2
\blx@bcfout=\write3
\blx@langwohyphens=\language79
\c@mincomprange=\count297
\c@maxcomprange=\count298
\c@mincompwidth=\count299
Package biblatex Info: Trying to load biblatex default data model...
Package biblatex Info: ... file 'blx-dm.def' found.

(C:\Users\TKeane\AppData\Local\Programs\MiKTeX\tex/latex/biblatex\blx-dm.def
File: blx-dm.def 2020/12/31 v3.16 biblatex localization (PK/MW)
)
Package biblatex Info: Trying to load biblatex custom data model...
Package biblatex Info: ... file 'biblatex-dm.cfg' not found.
\c@afterword=\count300
\c@savedafterword=\count301
\c@annotator=\count302
\c@savedannotator=\count303
\c@author=\count304
\c@savedauthor=\count305
\c@bookauthor=\count306
\c@savedbookauthor=\count307
\c@commentator=\count308
\c@savedcommentator=\count309
\c@editor=\count310
\c@savededitor=\count311
\c@editora=\count312
\c@savededitora=\count313
\c@editorb=\count314
\c@savededitorb=\count315
\c@editorc=\count316
\c@savededitorc=\count317
\c@foreword=\count318
\c@savedforeword=\count319
\c@holder=\count320
\c@savedholder=\count321
\c@introduction=\count322
\c@savedintroduction=\count323
\c@namea=\count324
\c@savednamea=\count325
\c@nameb=\count326
\c@savednameb=\count327
\c@namec=\count328
\c@savednamec=\count329
\c@translator=\count330
\c@savedtranslator=\count331
\c@shortauthor=\count332
\c@savedshortauthor=\count333
\c@shorteditor=\count334
\c@savedshorteditor=\count335
\c@labelname=\count336
\c@savedlabelname=\count337
\c@institution=\count338
\c@savedinstitution=\count339
\c@lista=\count340
\c@savedlista=\count341
\c@listb=\count342
\c@savedlistb=\count343
\c@listc=\count344
\c@savedlistc=\count345
\c@listd=\count346
\c@savedlistd=\count347
\c@liste=\count348
\c@savedliste=\count349
\c@listf=\count350
\c@savedlistf=\count351
\c@location=\count352
\c@savedlocation=\count353
\c@organization=\count354
\c@savedorganization=\count355
\c@origlocation=\count356
\c@savedoriglocation=\count357
\c@origpublisher=\count358
\c@savedorigpublisher=\count359
\c@publisher=\count360
\c@savedpublisher=\count361
\c@language=\count362
\c@savedlanguage=\count363
\c@origlanguage=\count364
\c@savedoriglanguage=\count365
\c@pageref=\count366
\c@savedpageref=\count367
\shorthandwidth=\skip57
\shortjournalwidth=\skip58
\shortserieswidth=\skip59
\shorttitlewidth=\skip60
\shortauthorwidth=\skip61
\shorteditorwidth=\skip62
\locallabelnumberwidth=\skip63
\locallabelalphawidth=\skip64
\localshorthandwidth=\skip65
\localshortjournalwidth=\skip66
\localshortserieswidth=\skip67
\localshorttitlewidth=\skip68
\localshortauthorwidth=\skip69
\localshorteditorwidth=\skip70
Package biblatex Info: Trying to load compatibility code...
Package biblatex Info: ... file 'blx-compat.def' found.

(C:\Users\TKeane\AppData\Local\Programs\MiKTeX\tex/latex/biblatex\blx-compat.de
f
File: blx-compat.def 2020/12/31 v3.16 biblatex compatibility (PK/MW)
)
Package biblatex Info: Trying to load generic definitions...
Package biblatex Info: ... file 'biblatex.def' found.

(C:\Users\TKeane\AppData\Local\Programs\MiKTeX\tex/latex/biblatex\biblatex.def
File: biblatex.def 2020/12/31 v3.16 biblatex compatibility (PK/MW)
\c@textcitecount=\count368
\c@textcitetotal=\count369
\c@textcitemaxnames=\count370
\c@biburlbigbreakpenalty=\count371
\c@biburlbreakpenalty=\count372
\c@biburlnumpenalty=\count373
\c@biburlucpenalty=\count374
\c@biburllcpenalty=\count375
\biburlbigskip=\muskip17
\biburlnumskip=\muskip18
\biburlucskip=\muskip19
\biburllcskip=\muskip20
\c@smartand=\count376
)
Package biblatex Info: Trying to load bibliography style 'numeric'...
Package biblatex Info: ... file 'numeric.bbx' found.

(C:\Users\TKeane\AppData\Local\Programs\MiKTeX\tex/latex/biblatex/bbx\numeric.b
bx
File: numeric.bbx 2020/12/31 v3.16 biblatex bibliography style (PK/MW)
Package biblatex Info: Trying to load bibliography style 'standard'...
Package biblatex Info: ... file 'standard.bbx' found.

(C:\Users\TKeane\AppData\Local\Programs\MiKTeX\tex/latex/biblatex/bbx\standard.
bbx
File: standard.bbx 2020/12/31 v3.16 biblatex bibliography style (PK/MW)
\c@bbx:relatedcount=\count377
\c@bbx:relatedtotal=\count378
))
Package biblatex Info: Trying to load citation style 'numeric'...
Package biblatex Info: ... file 'numeric.cbx' found.

(C:\Users\TKeane\AppData\Local\Programs\MiKTeX\tex/latex/biblatex/cbx\numeric.c
bx
File: numeric.cbx 2020/12/31 v3.16 biblatex citation style (PK/MW)
Package biblatex Info: Redefining '\cite'.
Package biblatex Info: Redefining '\parencite'.
Package biblatex Info: Redefining '\footcite'.
Package biblatex Info: Redefining '\footcitetext'.
Package biblatex Info: Redefining '\smartcite'.
Package biblatex Info: Redefining '\supercite'.
Package biblatex Info: Redefining '\textcite'.
Package biblatex Info: Redefining '\textcites'.
Package biblatex Info: Redefining '\cites'.
Package biblatex Info: Redefining '\parencites'.
Package biblatex Info: Redefining '\smartcites'.
)
Package biblatex Info: Trying to load configuration file...
Package biblatex Info: ... file 'biblatex.cfg' found.

(C:\Users\TKeane\AppData\Local\Programs\MiKTeX\tex/latex/biblatex\biblatex.cfg
File: biblatex.cfg 
))
(C:\Users\TKeane\AppData\Local\Programs\MiKTeX\tex/latex/hyperref\hyperref.sty
Package: hyperref 2021-02-10 v7.00j Hypertext links for LaTeX

(C:\Users\TKeane\AppData\Local\Programs\MiKTeX\tex/generic/kvdefinekeys\kvdefin
ekeys.sty
Package: kvdefinekeys 2019-12-19 v1.6 Define keys (HO)
)
(C:\Users\TKeane\AppData\Local\Programs\MiKTeX\tex/generic/pdfescape\pdfescape.
sty
Package: pdfescape 2019/12/09 v1.15 Implements pdfTeX's escape features (HO)
)
(C:\Users\TKeane\AppData\Local\Programs\MiKTeX\tex/latex/hycolor\hycolor.sty
Package: hycolor 2020-01-27 v1.10 Color options for hyperref/bookmark (HO)
)
(C:\Users\TKeane\AppData\Local\Programs\MiKTeX\tex/latex/letltxmacro\letltxmacr
o.sty
Package: letltxmacro 2019/12/03 v1.6 Let assignment for LaTeX macros (HO)
)
(C:\Users\TKeane\AppData\Local\Programs\MiKTeX\tex/latex/auxhook\auxhook.sty
Package: auxhook 2019-12-17 v1.6 Hooks for auxiliary files (HO)
)
\@linkdim=\dimen139
\Hy@linkcounter=\count379
\Hy@pagecounter=\count380

(C:\Users\TKeane\AppData\Local\Programs\MiKTeX\tex/latex/hyperref\pd1enc.def
File: pd1enc.def 2021-02-10 v7.00j Hyperref: PDFDocEncoding definition (HO)
Now handling font encoding PD1 ...
... no UTF-8 mapping file for font encoding PD1
)
(C:\Users\TKeane\AppData\Local\Programs\MiKTeX\tex/latex/hyperref\hyperref-lang
patches.def
File: hyperref-langpatches.def 2021-02-10 v7.00j Hyperref: patches for babel la
nguages
)
(C:\Users\TKeane\AppData\Local\Programs\MiKTeX\tex/generic/intcalc\intcalc.sty
Package: intcalc 2019/12/15 v1.3 Expandable calculations with integers (HO)
)
(C:\Users\TKeane\AppData\Local\Programs\MiKTeX\tex/generic/etexcmds\etexcmds.st
y
Package: etexcmds 2019/12/15 v1.7 Avoid name clashes with e-TeX commands (HO)
)
\Hy@SavedSpaceFactor=\count381
 (C:\Users\TKeane\AppData\Local\Programs\MiKTeX\tex/latex/hyperref\puenc.def
File: puenc.def 2021-02-10 v7.00j Hyperref: PDF Unicode definition (HO)
Now handling font encoding PU ...
... no UTF-8 mapping file for font encoding PU
)
Package hyperref Info: Hyper figures OFF on input line 4192.
Package hyperref Info: Link nesting OFF on input line 4197.
Package hyperref Info: Hyper index ON on input line 4200.
Package hyperref Info: Plain pages OFF on input line 4207.
Package hyperref Info: Backreferencing OFF on input line 4212.
Package hyperref Info: Implicit mode ON; LaTeX internals redefined.
Package hyperref Info: Bookmarks ON on input line 4445.
\c@Hy@tempcnt=\count382
LaTeX Info: Redefining \url on input line 4804.
\XeTeXLinkMargin=\dimen140
(C:\Users\TKeane\AppData\Local\Programs\MiKTeX\tex/generic/bitset\bitset.sty
Package: bitset 2019/12/09 v1.3 Handle bit-vector datatype (HO)

(C:\Users\TKeane\AppData\Local\Programs\MiKTeX\tex/generic/bigintcalc\bigintcal
c.sty
Package: bigintcalc 2019/12/15 v1.5 Expandable calculations on big integers (HO
)
))
\Fld@menulength=\count383
\Field@Width=\dimen141
\Fld@charsize=\dimen142
Package hyperref Info: Hyper figures OFF on input line 6075.
Package hyperref Info: Link nesting OFF on input line 6080.
Package hyperref Info: Hyper index ON on input line 6083.
Package hyperref Info: backreferencing OFF on input line 6090.
Package hyperref Info: Link coloring OFF on input line 6095.
Package hyperref Info: Link coloring with OCG OFF on input line 6100.
Package hyperref Info: PDF/A mode OFF on input line 6105.
LaTeX Info: Redefining \ref on input line 6145.
LaTeX Info: Redefining \pageref on input line 6149.

(C:\Users\TKeane\AppData\Local\Programs\MiKTeX\tex/latex/base\atbegshi-ltx.sty
Package: atbegshi-ltx 2020/08/17 v1.0a Emulation of the original atbegshi packa
ge
with kernel methods
)
\Hy@abspage=\count384
\c@Item=\count385
\c@Hfootnote=\count386
)
Package hyperref Info: Driver (autodetected): hpdftex.
 (C:\Users\TKeane\AppData\Local\Programs\MiKTeX\tex/latex/hyperref\hpdftex.def
File: hpdftex.def 2021-02-10 v7.00j Hyperref driver for pdfTeX

(C:\Users\TKeane\AppData\Local\Programs\MiKTeX\tex/latex/base\atveryend-ltx.sty
Package: atveryend-ltx 2020/08/19 v1.0a Emulation of the original atvery packag
e
with kernel methods
)
\Fld@listcount=\count387
\c@bookmark@seq@number=\count388

(C:\Users\TKeane\AppData\Local\Programs\MiKTeX\tex/latex/rerunfilecheck\rerunfi
lecheck.sty
Package: rerunfilecheck 2019/12/05 v1.9 Rerun checks for auxiliary files (HO)

(C:\Users\TKeane\AppData\Local\Programs\MiKTeX\tex/generic/uniquecounter\unique
counter.sty
Package: uniquecounter 2019/12/15 v1.4 Provide unlimited unique counter (HO)
)
Package uniquecounter Info: New unique counter `rerunfilecheck' on input line 2
86.
)
\Hy@SectionHShift=\skip71
)
\@quotelevel=\count389
\@quotereset=\count390

(C:\Users\TKeane\AppData\Local\Programs\MiKTeX\tex/latex/l3backend\l3backend-pd
ftex.def
File: l3backend-pdftex.def 2021-02-18 L3 backend support: PDF output (pdfTeX)
\l__color_backend_stack_int=\count391
\l__pdf_internal_box=\box47
) (article_reviews.aux)
\openout1 = `article_reviews.aux'.

LaTeX Font Info:    Checking defaults for OML/cmm/m/it on input line 11.
LaTeX Font Info:    ... okay on input line 11.
LaTeX Font Info:    Checking defaults for OMS/cmsy/m/n on input line 11.
LaTeX Font Info:    ... okay on input line 11.
LaTeX Font Info:    Checking defaults for OT1/cmr/m/n on input line 11.
LaTeX Font Info:    ... okay on input line 11.
LaTeX Font Info:    Checking defaults for T1/cmr/m/n on input line 11.
LaTeX Font Info:    ... okay on input line 11.
LaTeX Font Info:    Checking defaults for TS1/cmr/m/n on input line 11.
LaTeX Font Info:    ... okay on input line 11.
LaTeX Font Info:    Checking defaults for OMX/cmex/m/n on input line 11.
LaTeX Font Info:    ... okay on input line 11.
LaTeX Font Info:    Checking defaults for U/cmr/m/n on input line 11.
LaTeX Font Info:    ... okay on input line 11.
LaTeX Font Info:    Checking defaults for PD1/pdf/m/n on input line 11.
LaTeX Font Info:    ... okay on input line 11.
LaTeX Font Info:    Checking defaults for PU/pdf/m/n on input line 11.
LaTeX Font Info:    ... okay on input line 11.
Package biblatex Info: Trying to load language 'english'...
Package biblatex Info: ... file 'english.lbx' found.

(C:\Users\TKeane\AppData\Local\Programs\MiKTeX\tex/latex/biblatex/lbx\english.l
bx
File: english.lbx 2020/12/31 v3.16 biblatex localization (PK/MW)
)
Package biblatex Info: Input encoding 'utf8' detected.
Package biblatex Info: Automatic encoding selection.
(biblatex)             Assuming data encoding 'utf8'.
Package biblatex Info: Document encoding is UTF8 ....
 (C:\Users\TKeane\AppData\Local\Programs\MiKTeX\tex/latex/l3kernel\expl3.sty
Package: expl3 2021-02-18 L3 programming layer (loader) 
)
Package biblatex Info: ... and expl3
(biblatex)             2021-02-18 L3 programming layer (loader) 
(biblatex)             is new enough (at least 2020/04/06),
(biblatex)             setting 'casechanger=expl3'.

(C:\Users\TKeane\AppData\Local\Programs\MiKTeX\tex/latex/biblatex\blx-case-expl
3.sty
(C:\Users\TKeane\AppData\Local\Programs\MiKTeX\tex/latex/l3packages/xparse\xpar
se.sty
Package: xparse 2020-10-27 L3 Experimental document command parser

(C:\Users\TKeane\AppData\Local\Programs\MiKTeX\tex/latex/l3packages/xparse\xpar
se-generic.tex))
Package: blx-case-expl3 2020/12/31 v3.16 expl3 case changing code for biblatex
)
\openout3 = `article_reviews.bcf'.

Package biblatex Info: Trying to load bibliographic data...
Package biblatex Info: ... file 'article_reviews.bbl' found.
 (article_reviews.bbl)
Package biblatex Info: Reference section=0 on input line 11.
Package biblatex Info: Reference segment=0 on input line 11.
Package hyperref Info: Link coloring OFF on input line 11.

(C:\Users\TKeane\AppData\Local\Programs\MiKTeX\tex/latex/hyperref\nameref.sty
Package: nameref 2021-04-02 v2.47 Cross-referencing by name of section

(C:\Users\TKeane\AppData\Local\Programs\MiKTeX\tex/latex/refcount\refcount.sty
Package: refcount 2019/12/15 v3.6 Data extraction from label references (HO)
)
(C:\Users\TKeane\AppData\Local\Programs\MiKTeX\tex/generic/gettitlestring\getti
tlestring.sty
Package: gettitlestring 2019/12/15 v1.6 Cleanup title references (HO)
)
\c@section@level=\count392
)
LaTeX Info: Redefining \ref on input line 11.
LaTeX Info: Redefining \pageref on input line 11.
LaTeX Info: Redefining \nameref on input line 11.
 (article_reviews.out) (article_reviews.out)
\@outlinefile=\write4
\openout4 = `article_reviews.out'.

LaTeX Font Info:    External font `cmex10' loaded for size
(Font)              <14.4> on input line 13.
LaTeX Font Info:    External font `cmex10' loaded for size
(Font)              <7> on input line 13.

Underfull \hbox (badness 10000) in paragraph at lines 18--23

 []


Underfull \hbox (badness 10000) in paragraph at lines 26--29

 []

[1

{C:/Users/TKeane/AppData/Local/MiKTeX/pdftex/config/pdftex.map}]
Underfull \hbox (badness 10000) in paragraph at lines 30--32

 []


Underfull \hbox (badness 10000) in paragraph at lines 46--48

 []

[2]
LaTeX Font Info:    External font `cmex10' loaded for size
(Font)              <12> on input line 60.
LaTeX Font Info:    External font `cmex10' loaded for size
(Font)              <8> on input line 60.
LaTeX Font Info:    External font `cmex10' loaded for size
(Font)              <6> on input line 60.
 [3]
Overfull \hbox (44.94131pt too wide) in paragraph at lines 61--61
\OT1/cmr/m/n/12 (2013) Community-based post-editing of machine-translated con-t
ent:monolingual
 []

[4] (article_reviews.aux)

LaTeX Warning: There were undefined references.

Package rerunfilecheck Info: File `article_reviews.out' has not changed.
(rerunfilecheck)             Checksum: 4CFDA0C891057BD4533DBBF59EF1068F;864.

Package biblatex Warning: Please (re)run Biber on the file:
(biblatex)                article_reviews
(biblatex)                and rerun LaTeX afterwards.

Package logreq Info: Writing requests to 'article_reviews.run.xml'.
\openout1 = `article_reviews.run.xml'.

 ) 
Here is how much of TeX's memory you used:
 14173 strings out of 479334
 248998 string characters out of 2856610
 957563 words of memory out of 3000000
 31506 multiletter control sequences out of 15000+200000
 409415 words of font info for 47 fonts, out of 3000000 for 9000
 1141 hyphenation exceptions out of 8191
 71i,6n,74p,1404b,1427s stack positions out of 5000i,500n,10000p,200000b,50000s
<C:/Users/TKeane/AppData/Local/Programs/MiKTeX/fonts/type1/public/amsfonts/cm
/cmbx12.pfb><C:/Users/TKeane/AppData/Local/Programs/MiKTeX/fonts/type1/public/a
msfonts/cm/cmcsc10.pfb><C:/Users/TKeane/AppData/Local/Programs/MiKTeX/fonts/typ
e1/public/amsfonts/cm/cmr12.pfb><C:/Users/TKeane/AppData/Local/Programs/MiKTeX/
fonts/type1/public/amsfonts/cm/cmr17.pfb><C:/Users/TKeane/AppData/Local/Program
s/MiKTeX/fonts/type1/public/amsfonts/cm/cmti12.pfb><C:/Users/TKeane/AppData/Loc
al/Programs/MiKTeX/fonts/type1/public/amsfonts/cm/cmtt12.pfb>
Output written on article_reviews.pdf (4 pages, 99120 bytes).
PDF statistics:
 95 PDF objects out of 1000 (max. 8388607)
 17 named destinations out of 1000 (max. 500000)
 33 words of extra memory for PDF output out of 10000 (max. 10000000)

